{"total": {"lines":{"total":93,"covered":65,"skipped":0,"pct":69.89},"statements":{"total":99,"covered":68,"skipped":0,"pct":68.68},"functions":{"total":28,"covered":14,"skipped":0,"pct":50},"branches":{"total":73,"covered":54,"skipped":0,"pct":73.97},"branchesTrue":{"total":0,"covered":0,"skipped":0,"pct":100}}
,"/Users/martinweiser/Work/projects/javascript/core-vite-2/src/App.tsx": {"lines":{"total":3,"covered":0,"skipped":0,"pct":0},"functions":{"total":3,"covered":0,"skipped":0,"pct":0},"statements":{"total":4,"covered":0,"skipped":0,"pct":0},"branches":{"total":0,"covered":0,"skipped":0,"pct":100}}
,"/Users/martinweiser/Work/projects/javascript/core-vite-2/src/main.tsx": {"lines":{"total":1,"covered":0,"skipped":0,"pct":0},"functions":{"total":0,"covered":0,"skipped":0,"pct":100},"statements":{"total":1,"covered":0,"skipped":0,"pct":0},"branches":{"total":0,"covered":0,"skipped":0,"pct":100}}
,"/Users/martinweiser/Work/projects/javascript/core-vite-2/src/components/es-kit/components/container/layoutBox/LayoutBox.tsx": {"lines":{"total":46,"covered":39,"skipped":0,"pct":84.78},"functions":{"total":4,"covered":3,"skipped":0,"pct":75},"statements":{"total":46,"covered":39,"skipped":0,"pct":84.78},"branches":{"total":55,"covered":42,"skipped":0,"pct":76.36}}
,"/Users/martinweiser/Work/projects/javascript/core-vite-2/src/components/es-kit/components/container/layoutBox/layoutBox.types.ts": {"lines":{"total":3,"covered":3,"skipped":0,"pct":100},"functions":{"total":1,"covered":1,"skipped":0,"pct":100},"statements":{"total":4,"covered":4,"skipped":0,"pct":100},"branches":{"total":2,"covered":2,"skipped":0,"pct":100}}
,"/Users/martinweiser/Work/projects/javascript/core-vite-2/src/components/es-kit/hooks/useParseProps.ts": {"lines":{"total":3,"covered":0,"skipped":0,"pct":0},"functions":{"total":2,"covered":0,"skipped":0,"pct":0},"statements":{"total":4,"covered":0,"skipped":0,"pct":0},"branches":{"total":0,"covered":0,"skipped":0,"pct":100}}
,"/Users/martinweiser/Work/projects/javascript/core-vite-2/src/components/es-kit/utils/helpers/ui.ts": {"lines":{"total":11,"covered":11,"skipped":0,"pct":100},"functions":{"total":4,"covered":4,"skipped":0,"pct":100},"statements":{"total":11,"covered":11,"skipped":0,"pct":100},"branches":{"total":7,"covered":7,"skipped":0,"pct":100}}
,"/Users/martinweiser/Work/projects/javascript/core-vite-2/src/components/molecules/box/box.tsx": {"lines":{"total":3,"covered":3,"skipped":0,"pct":100},"functions":{"total":1,"covered":1,"skipped":0,"pct":100},"statements":{"total":3,"covered":3,"skipped":0,"pct":100},"branches":{"total":3,"covered":3,"skipped":0,"pct":100}}
,"/Users/martinweiser/Work/projects/javascript/core-vite-2/src/components/molecules/box/box.types.ts": {"lines":{"total":0,"covered":0,"skipped":0,"pct":100},"functions":{"total":0,"covered":0,"skipped":0,"pct":100},"statements":{"total":0,"covered":0,"skipped":0,"pct":100},"branches":{"total":0,"covered":0,"skipped":0,"pct":100}}
,"/Users/martinweiser/Work/projects/javascript/core-vite-2/src/lib/utils.ts": {"lines":{"total":1,"covered":1,"skipped":0,"pct":100},"functions":{"total":1,"covered":1,"skipped":0,"pct":100},"statements":{"total":1,"covered":1,"skipped":0,"pct":100},"branches":{"total":0,"covered":0,"skipped":0,"pct":100}}
,"/Users/martinweiser/Work/projects/javascript/core-vite-2/src/sandbox/decorators/decorator-example-ts.ts": {"lines":{"total":3,"covered":0,"skipped":0,"pct":0},"functions":{"total":2,"covered":0,"skipped":0,"pct":0},"statements":{"total":4,"covered":0,"skipped":0,"pct":0},"branches":{"total":0,"covered":0,"skipped":0,"pct":100}}
,"/Users/martinweiser/Work/projects/javascript/core-vite-2/src/stories/Button.tsx": {"lines":{"total":3,"covered":0,"skipped":0,"pct":0},"functions":{"total":1,"covered":0,"skipped":0,"pct":0},"statements":{"total":3,"covered":0,"skipped":0,"pct":0},"branches":{"total":4,"covered":0,"skipped":0,"pct":0}}
,"/Users/martinweiser/Work/projects/javascript/core-vite-2/src/stories/Header.tsx": {"lines":{"total":2,"covered":0,"skipped":0,"pct":0},"functions":{"total":1,"covered":0,"skipped":0,"pct":0},"statements":{"total":2,"covered":0,"skipped":0,"pct":0},"branches":{"total":2,"covered":0,"skipped":0,"pct":0}}
,"/Users/martinweiser/Work/projects/javascript/core-vite-2/src/stories/Page.tsx": {"lines":{"total":6,"covered":0,"skipped":0,"pct":0},"functions":{"total":4,"covered":0,"skipped":0,"pct":0},"statements":{"total":6,"covered":0,"skipped":0,"pct":0},"branches":{"total":0,"covered":0,"skipped":0,"pct":100}}
,"/Users/martinweiser/Work/projects/javascript/core-vite-2/src/utils/test/test-utils.tsx": {"lines":{"total":4,"covered":4,"skipped":0,"pct":100},"functions":{"total":2,"covered":2,"skipped":0,"pct":100},"statements":{"total":5,"covered":5,"skipped":0,"pct":100},"branches":{"total":0,"covered":0,"skipped":0,"pct":100}}
,"/Users/martinweiser/Work/projects/javascript/core-vite-2/src/utils/test/testRenderer.tsx": {"lines":{"total":4,"covered":4,"skipped":0,"pct":100},"functions":{"total":2,"covered":2,"skipped":0,"pct":100},"statements":{"total":5,"covered":5,"skipped":0,"pct":100},"branches":{"total":0,"covered":0,"skipped":0,"pct":100}}
}
