TN:
SF:src/App.tsx
FN:14,App
FN:29,(anonymous_1)
FN:29,(anonymous_2)
FNF:3
FNH:0
FNDA:0,App
FNDA:0,(anonymous_1)
FNDA:0,(anonymous_2)
DA:15,0
DA:17,0
DA:29,0
LF:3
LH:0
BRF:0
BRH:0
end_of_record
TN:
SF:src/main.tsx
FNF:0
FNH:0
DA:8,0
LF:1
LH:0
BRF:0
BRH:0
end_of_record
TN:
SF:src/components/es-kit/components/container/layoutBox/LayoutBox.tsx
FN:25,(anonymous_0)
FN:35,(anonymous_1)
FN:63,(anonymous_2)
FN:71,(anonymous_3)
FNF:4
FNH:3
FNDA:0,(anonymous_0)
FNDA:10,(anonymous_1)
FNDA:10,(anonymous_2)
FNDA:10,(anonymous_3)
DA:13,2
DA:25,2
DA:26,0
DA:34,2
DA:56,10
DA:62,10
DA:63,10
DA:71,10
DA:72,10
DA:77,10
DA:78,6
DA:83,10
DA:84,1
DA:85,1
DA:87,9
DA:88,0
DA:90,9
DA:91,0
DA:96,10
DA:97,1
DA:99,9
DA:103,10
DA:104,6
DA:105,4
DA:106,1
DA:109,10
DA:110,1
DA:111,9
DA:112,1
DA:116,10
DA:117,1
DA:118,1
DA:119,0
DA:120,0
DA:122,0
DA:127,10
DA:128,0
DA:132,10
DA:133,1
DA:137,10
DA:156,10
DA:172,2
DA:178,2
DA:180,2
DA:182,2
DA:184,2
LF:46
LH:39
BRDA:26,0,0,0
BRDA:26,0,1,0
BRDA:26,1,0,0
BRDA:26,1,1,0
BRDA:41,2,0,10
BRDA:43,3,0,10
BRDA:44,4,0,10
BRDA:45,5,0,10
BRDA:46,6,0,10
BRDA:50,7,0,10
BRDA:63,8,0,5
BRDA:63,8,1,5
BRDA:63,9,0,10
BRDA:63,9,1,5
BRDA:77,10,0,6
BRDA:77,10,1,4
BRDA:77,11,0,10
BRDA:77,11,1,9
BRDA:78,12,0,6
BRDA:78,12,1,5
BRDA:83,13,0,1
BRDA:83,13,1,9
BRDA:87,14,0,0
BRDA:87,14,1,9
BRDA:90,15,0,0
BRDA:90,15,1,9
BRDA:96,16,0,1
BRDA:96,16,1,9
BRDA:103,17,0,6
BRDA:103,17,1,4
BRDA:105,18,0,1
BRDA:105,18,1,3
BRDA:106,19,0,1
BRDA:106,19,1,0
BRDA:109,20,0,1
BRDA:109,20,1,9
BRDA:111,21,0,1
BRDA:111,21,1,8
BRDA:112,22,0,1
BRDA:112,22,1,0
BRDA:116,23,0,1
BRDA:116,23,1,9
BRDA:117,24,0,1
BRDA:117,24,1,0
BRDA:119,25,0,0
BRDA:119,25,1,0
BRDA:127,26,0,0
BRDA:127,26,1,10
BRDA:132,27,0,1
BRDA:132,27,1,9
BRDA:158,28,0,0
BRDA:158,28,1,10
BRDA:164,29,0,10
BRDA:164,29,1,10
BRDA:164,29,2,10
BRF:55
BRH:42
end_of_record
TN:
SF:src/components/es-kit/components/container/layoutBox/layoutBox.types.ts
FN:6,(anonymous_0)
FNF:1
FNH:1
FNDA:2,(anonymous_0)
DA:6,2
DA:7,2
DA:8,2
LF:3
LH:3
BRDA:6,0,0,2
BRDA:6,0,1,2
BRF:2
BRH:2
end_of_record
TN:
SF:src/components/es-kit/hooks/useParseProps.ts
FN:10,(anonymous_0)
FN:11,(anonymous_1)
FNF:2
FNH:0
FNDA:0,(anonymous_0)
FNDA:0,(anonymous_1)
DA:10,0
DA:11,0
DA:13,0
LF:3
LH:0
BRF:0
BRH:0
end_of_record
TN:
SF:src/components/es-kit/utils/helpers/ui.ts
FN:2,(anonymous_0)
FN:5,(anonymous_1)
FN:16,(anonymous_2)
FN:20,(anonymous_3)
FNF:4
FNH:4
FNDA:10,(anonymous_0)
FNDA:20,(anonymous_1)
FNDA:10,(anonymous_2)
FNDA:2,(anonymous_3)
DA:2,2
DA:3,10
DA:6,20
DA:16,2
DA:17,10
DA:18,10
DA:20,10
DA:21,2
DA:22,1
DA:24,1
DA:27,10
LF:11
LH:11
BRDA:6,0,0,20
BRDA:6,0,1,20
BRDA:6,0,2,20
BRDA:21,1,0,1
BRDA:21,1,1,1
BRDA:21,2,0,2
BRDA:21,2,1,1
BRF:7
BRH:7
end_of_record
TN:
SF:src/components/molecules/box/box.tsx
FN:12,(anonymous_0)
FNF:1
FNH:1
FNDA:5,(anonymous_0)
DA:12,1
DA:21,5
DA:34,1
LF:3
LH:3
BRDA:13,0,0,5
BRDA:14,1,0,5
BRDA:15,2,0,5
BRF:3
BRH:3
end_of_record
TN:
SF:src/components/molecules/box/box.types.ts
FNF:0
FNH:0
LF:0
LH:0
BRF:0
BRH:0
end_of_record
TN:
SF:src/lib/utils.ts
FN:4,cn
FNF:1
FNH:1
FNDA:5,cn
DA:5,5
LF:1
LH:1
BRF:0
BRH:0
end_of_record
TN:
SF:src/sandbox/decorators/decorator-example-ts.ts
FN:1,(anonymous_0)
FN:7,(anonymous_1)
FNF:2
FNH:0
FNDA:0,(anonymous_0)
FNDA:0,(anonymous_1)
DA:1,0
DA:2,0
DA:6,0
LF:3
LH:0
BRF:0
BRH:0
end_of_record
TN:
SF:src/stories/Button.tsx
FN:17,(anonymous_0)
FNF:1
FNH:0
FNDA:0,(anonymous_0)
DA:17,0
DA:24,0
DA:25,0
LF:3
LH:0
BRDA:18,0,0,0
BRDA:19,1,0,0
BRDA:24,2,0,0
BRDA:24,2,1,0
BRF:4
BRH:0
end_of_record
TN:
SF:src/stories/Header.tsx
FN:16,(anonymous_0)
FNF:1
FNH:0
FNDA:0,(anonymous_0)
DA:16,0
DA:17,0
LF:2
LH:0
BRDA:39,0,0,0
BRDA:39,0,1,0
BRF:2
BRH:0
end_of_record
TN:
SF:src/stories/Page.tsx
FN:11,(anonymous_0)
FN:18,(anonymous_1)
FN:19,(anonymous_2)
FN:20,(anonymous_3)
FNF:4
FNH:0
FNDA:0,(anonymous_0)
FNDA:0,(anonymous_1)
FNDA:0,(anonymous_2)
FNDA:0,(anonymous_3)
DA:11,0
DA:12,0
DA:14,0
DA:18,0
DA:19,0
DA:20,0
LF:6
LH:0
BRF:0
BRH:0
end_of_record
TN:
SF:src/utils/test/test-utils.tsx
FN:8,(anonymous_0)
FN:12,(anonymous_1)
FNF:2
FNH:2
FNDA:5,(anonymous_0)
FNDA:5,(anonymous_1)
DA:8,1
DA:9,5
DA:12,5
DA:18,1
LF:4
LH:4
BRF:0
BRH:0
end_of_record
TN:
SF:src/utils/test/testRenderer.tsx
FN:7,AllTheProviders2
FN:13,(anonymous_1)
FNF:2
FNH:2
FNDA:5,AllTheProviders2
FNDA:5,(anonymous_1)
DA:7,1
DA:10,5
DA:13,5
DA:20,1
LF:4
LH:4
BRF:0
BRH:0
end_of_record
